ARM GAS  C:\Users\ubayd\AppData\Local\Temp\ccpkrKMn.s 			page 1


   1              		.cpu cortex-m3
   2              		.arch armv7-m
   3              		.fpu softvfp
   4              		.eabi_attribute 20, 1
   5              		.eabi_attribute 21, 1
   6              		.eabi_attribute 23, 3
   7              		.eabi_attribute 24, 1
   8              		.eabi_attribute 25, 1
   9              		.eabi_attribute 26, 1
  10              		.eabi_attribute 30, 1
  11              		.eabi_attribute 34, 1
  12              		.eabi_attribute 18, 4
  13              		.file	"main.c"
  14              		.text
  15              	.Ltext0:
  16              		.cfi_sections	.debug_frame
  17              		.section	.text.MX_GPIO_Init,"ax",%progbits
  18              		.align	1
  19              		.syntax unified
  20              		.thumb
  21              		.thumb_func
  23              	MX_GPIO_Init:
  24              	.LFB67:
  25              		.file 1 "Src/main.c"
   1:Src/main.c    **** /* USER CODE BEGIN Header */
   2:Src/main.c    **** /**
   3:Src/main.c    ****   ******************************************************************************
   4:Src/main.c    ****   * @file           : main.c
   5:Src/main.c    ****   * @brief          : Main program body
   6:Src/main.c    ****   ******************************************************************************
   7:Src/main.c    ****   * @attention
   8:Src/main.c    ****   *
   9:Src/main.c    ****   * Copyright (c) 2023 STMicroelectronics.
  10:Src/main.c    ****   * All rights reserved.
  11:Src/main.c    ****   *
  12:Src/main.c    ****   * This software is licensed under terms that can be found in the LICENSE file
  13:Src/main.c    ****   * in the root directory of this software component.
  14:Src/main.c    ****   * If no LICENSE file comes with this software, it is provided AS-IS.
  15:Src/main.c    ****   *
  16:Src/main.c    ****   ******************************************************************************
  17:Src/main.c    ****   */
  18:Src/main.c    **** /* USER CODE END Header */
  19:Src/main.c    **** /* Includes ------------------------------------------------------------------*/
  20:Src/main.c    **** #include "main.h"
  21:Src/main.c    **** 
  22:Src/main.c    **** /* Private includes ----------------------------------------------------------*/
  23:Src/main.c    **** /* USER CODE BEGIN Includes */
  24:Src/main.c    **** 
  25:Src/main.c    **** /* USER CODE END Includes */
  26:Src/main.c    **** 
  27:Src/main.c    **** /* Private typedef -----------------------------------------------------------*/
  28:Src/main.c    **** /* USER CODE BEGIN PTD */
  29:Src/main.c    **** 
  30:Src/main.c    **** /* USER CODE END PTD */
  31:Src/main.c    **** 
  32:Src/main.c    **** /* Private define ------------------------------------------------------------*/
  33:Src/main.c    **** /* USER CODE BEGIN PD */
ARM GAS  C:\Users\ubayd\AppData\Local\Temp\ccpkrKMn.s 			page 2


  34:Src/main.c    **** 
  35:Src/main.c    **** /* USER CODE END PD */
  36:Src/main.c    **** 
  37:Src/main.c    **** /* Private macro -------------------------------------------------------------*/
  38:Src/main.c    **** /* USER CODE BEGIN PM */
  39:Src/main.c    **** 
  40:Src/main.c    **** /* USER CODE END PM */
  41:Src/main.c    **** 
  42:Src/main.c    **** /* Private variables ---------------------------------------------------------*/
  43:Src/main.c    **** 
  44:Src/main.c    **** /* USER CODE BEGIN PV */
  45:Src/main.c    **** 
  46:Src/main.c    **** /* USER CODE END PV */
  47:Src/main.c    **** 
  48:Src/main.c    **** /* Private function prototypes -----------------------------------------------*/
  49:Src/main.c    **** void SystemClock_Config(void);
  50:Src/main.c    **** static void MX_GPIO_Init(void);
  51:Src/main.c    **** /* USER CODE BEGIN PFP */
  52:Src/main.c    **** 
  53:Src/main.c    **** /* USER CODE END PFP */
  54:Src/main.c    **** 
  55:Src/main.c    **** /* Private user code ---------------------------------------------------------*/
  56:Src/main.c    **** /* USER CODE BEGIN 0 */
  57:Src/main.c    **** 
  58:Src/main.c    **** /* USER CODE END 0 */
  59:Src/main.c    **** 
  60:Src/main.c    **** /**
  61:Src/main.c    ****   * @brief  The application entry point.
  62:Src/main.c    ****   * @retval int
  63:Src/main.c    ****   */
  64:Src/main.c    **** int main(void)
  65:Src/main.c    **** {
  66:Src/main.c    ****   /* USER CODE BEGIN 1 */
  67:Src/main.c    **** 
  68:Src/main.c    ****   /* USER CODE END 1 */
  69:Src/main.c    **** 
  70:Src/main.c    ****   /* MCU Configuration--------------------------------------------------------*/
  71:Src/main.c    **** 
  72:Src/main.c    ****   /* Reset of all peripherals, Initializes the Flash interface and the Systick. */
  73:Src/main.c    ****   HAL_Init();
  74:Src/main.c    **** 
  75:Src/main.c    ****   /* USER CODE BEGIN Init */
  76:Src/main.c    **** 
  77:Src/main.c    ****   /* USER CODE END Init */
  78:Src/main.c    **** 
  79:Src/main.c    ****   /* Configure the system clock */
  80:Src/main.c    ****   SystemClock_Config();
  81:Src/main.c    **** 
  82:Src/main.c    ****   /* USER CODE BEGIN SysInit */
  83:Src/main.c    **** 
  84:Src/main.c    ****   /* USER CODE END SysInit */
  85:Src/main.c    **** 
  86:Src/main.c    ****   /* Initialize all configured peripherals */
  87:Src/main.c    ****   MX_GPIO_Init();
  88:Src/main.c    ****   /* USER CODE BEGIN 2 */
  89:Src/main.c    **** 
  90:Src/main.c    ****   /* USER CODE END 2 */
ARM GAS  C:\Users\ubayd\AppData\Local\Temp\ccpkrKMn.s 			page 3


  91:Src/main.c    **** 
  92:Src/main.c    ****   /* Infinite loop */
  93:Src/main.c    ****   /* USER CODE BEGIN WHILE */
  94:Src/main.c    ****   while (1)
  95:Src/main.c    ****   {
  96:Src/main.c    ****     /* USER CODE END WHILE */
  97:Src/main.c    ****       HAL_GPIO_TogglePin(LED_GPIO_Port, LED_Pin);
  98:Src/main.c    ****       HAL_Delay(1000);
  99:Src/main.c    ****     /* USER CODE BEGIN 3 */
 100:Src/main.c    ****   }
 101:Src/main.c    ****   /* USER CODE END 3 */
 102:Src/main.c    **** }
 103:Src/main.c    **** 
 104:Src/main.c    **** /**
 105:Src/main.c    ****   * @brief System Clock Configuration
 106:Src/main.c    ****   * @retval None
 107:Src/main.c    ****   */
 108:Src/main.c    **** void SystemClock_Config(void)
 109:Src/main.c    **** {
 110:Src/main.c    ****   RCC_OscInitTypeDef RCC_OscInitStruct = {0};
 111:Src/main.c    ****   RCC_ClkInitTypeDef RCC_ClkInitStruct = {0};
 112:Src/main.c    **** 
 113:Src/main.c    ****   /** Initializes the RCC Oscillators according to the specified parameters
 114:Src/main.c    ****   * in the RCC_OscInitTypeDef structure.
 115:Src/main.c    ****   */
 116:Src/main.c    ****   RCC_OscInitStruct.OscillatorType = RCC_OSCILLATORTYPE_HSI;
 117:Src/main.c    ****   RCC_OscInitStruct.HSIState = RCC_HSI_ON;
 118:Src/main.c    ****   RCC_OscInitStruct.HSICalibrationValue = RCC_HSICALIBRATION_DEFAULT;
 119:Src/main.c    ****   RCC_OscInitStruct.PLL.PLLState = RCC_PLL_NONE;
 120:Src/main.c    ****   if (HAL_RCC_OscConfig(&RCC_OscInitStruct) != HAL_OK)
 121:Src/main.c    ****   {
 122:Src/main.c    ****     Error_Handler();
 123:Src/main.c    ****   }
 124:Src/main.c    **** 
 125:Src/main.c    ****   /** Initializes the CPU, AHB and APB buses clocks
 126:Src/main.c    ****   */
 127:Src/main.c    ****   RCC_ClkInitStruct.ClockType = RCC_CLOCKTYPE_HCLK|RCC_CLOCKTYPE_SYSCLK
 128:Src/main.c    ****                               |RCC_CLOCKTYPE_PCLK1|RCC_CLOCKTYPE_PCLK2;
 129:Src/main.c    ****   RCC_ClkInitStruct.SYSCLKSource = RCC_SYSCLKSOURCE_HSI;
 130:Src/main.c    ****   RCC_ClkInitStruct.AHBCLKDivider = RCC_SYSCLK_DIV1;
 131:Src/main.c    ****   RCC_ClkInitStruct.APB1CLKDivider = RCC_HCLK_DIV1;
 132:Src/main.c    ****   RCC_ClkInitStruct.APB2CLKDivider = RCC_HCLK_DIV1;
 133:Src/main.c    **** 
 134:Src/main.c    ****   if (HAL_RCC_ClockConfig(&RCC_ClkInitStruct, FLASH_LATENCY_0) != HAL_OK)
 135:Src/main.c    ****   {
 136:Src/main.c    ****     Error_Handler();
 137:Src/main.c    ****   }
 138:Src/main.c    **** }
 139:Src/main.c    **** 
 140:Src/main.c    **** /**
 141:Src/main.c    ****   * @brief GPIO Initialization Function
 142:Src/main.c    ****   * @param None
 143:Src/main.c    ****   * @retval None
 144:Src/main.c    ****   */
 145:Src/main.c    **** static void MX_GPIO_Init(void)
 146:Src/main.c    **** {
  26              		.loc 1 146 1 view -0
ARM GAS  C:\Users\ubayd\AppData\Local\Temp\ccpkrKMn.s 			page 4


  27              		.cfi_startproc
  28              		@ args = 0, pretend = 0, frame = 32
  29              		@ frame_needed = 0, uses_anonymous_args = 0
  30 0000 30B5     		push	{r4, r5, lr}
  31              	.LCFI0:
  32              		.cfi_def_cfa_offset 12
  33              		.cfi_offset 4, -12
  34              		.cfi_offset 5, -8
  35              		.cfi_offset 14, -4
  36 0002 89B0     		sub	sp, sp, #36
  37              	.LCFI1:
  38              		.cfi_def_cfa_offset 48
 147:Src/main.c    ****   GPIO_InitTypeDef GPIO_InitStruct = {0};
  39              		.loc 1 147 3 view .LVU1
  40              		.loc 1 147 20 is_stmt 0 view .LVU2
  41 0004 0024     		movs	r4, #0
  42 0006 0494     		str	r4, [sp, #16]
  43 0008 0594     		str	r4, [sp, #20]
  44 000a 0694     		str	r4, [sp, #24]
  45 000c 0794     		str	r4, [sp, #28]
 148:Src/main.c    **** /* USER CODE BEGIN MX_GPIO_Init_1 */
 149:Src/main.c    **** /* USER CODE END MX_GPIO_Init_1 */
 150:Src/main.c    **** 
 151:Src/main.c    ****   /* GPIO Ports Clock Enable */
 152:Src/main.c    ****   __HAL_RCC_GPIOC_CLK_ENABLE();
  46              		.loc 1 152 3 is_stmt 1 view .LVU3
  47              	.LBB4:
  48              		.loc 1 152 3 view .LVU4
  49              		.loc 1 152 3 view .LVU5
  50 000e 184B     		ldr	r3, .L3
  51 0010 9A69     		ldr	r2, [r3, #24]
  52 0012 42F01002 		orr	r2, r2, #16
  53 0016 9A61     		str	r2, [r3, #24]
  54              		.loc 1 152 3 view .LVU6
  55 0018 9A69     		ldr	r2, [r3, #24]
  56 001a 02F01002 		and	r2, r2, #16
  57 001e 0192     		str	r2, [sp, #4]
  58              		.loc 1 152 3 view .LVU7
  59 0020 019A     		ldr	r2, [sp, #4]
  60              	.LBE4:
  61              		.loc 1 152 3 view .LVU8
 153:Src/main.c    ****   __HAL_RCC_GPIOD_CLK_ENABLE();
  62              		.loc 1 153 3 view .LVU9
  63              	.LBB5:
  64              		.loc 1 153 3 view .LVU10
  65              		.loc 1 153 3 view .LVU11
  66 0022 9A69     		ldr	r2, [r3, #24]
  67 0024 42F02002 		orr	r2, r2, #32
  68 0028 9A61     		str	r2, [r3, #24]
  69              		.loc 1 153 3 view .LVU12
  70 002a 9A69     		ldr	r2, [r3, #24]
  71 002c 02F02002 		and	r2, r2, #32
  72 0030 0292     		str	r2, [sp, #8]
  73              		.loc 1 153 3 view .LVU13
  74 0032 029A     		ldr	r2, [sp, #8]
  75              	.LBE5:
  76              		.loc 1 153 3 view .LVU14
ARM GAS  C:\Users\ubayd\AppData\Local\Temp\ccpkrKMn.s 			page 5


 154:Src/main.c    ****   __HAL_RCC_GPIOA_CLK_ENABLE();
  77              		.loc 1 154 3 view .LVU15
  78              	.LBB6:
  79              		.loc 1 154 3 view .LVU16
  80              		.loc 1 154 3 view .LVU17
  81 0034 9A69     		ldr	r2, [r3, #24]
  82 0036 42F00402 		orr	r2, r2, #4
  83 003a 9A61     		str	r2, [r3, #24]
  84              		.loc 1 154 3 view .LVU18
  85 003c 9B69     		ldr	r3, [r3, #24]
  86 003e 03F00403 		and	r3, r3, #4
  87 0042 0393     		str	r3, [sp, #12]
  88              		.loc 1 154 3 view .LVU19
  89 0044 039B     		ldr	r3, [sp, #12]
  90              	.LBE6:
  91              		.loc 1 154 3 view .LVU20
 155:Src/main.c    **** 
 156:Src/main.c    ****   /*Configure GPIO pin Output Level */
 157:Src/main.c    ****   HAL_GPIO_WritePin(LED_GPIO_Port, LED_Pin, GPIO_PIN_RESET);
  92              		.loc 1 157 3 view .LVU21
  93 0046 0B4D     		ldr	r5, .L3+4
  94 0048 2246     		mov	r2, r4
  95 004a 4FF40051 		mov	r1, #8192
  96 004e 2846     		mov	r0, r5
  97 0050 FFF7FEFF 		bl	HAL_GPIO_WritePin
  98              	.LVL0:
 158:Src/main.c    **** 
 159:Src/main.c    ****   /*Configure GPIO pin : LED_Pin */
 160:Src/main.c    ****   GPIO_InitStruct.Pin = LED_Pin;
  99              		.loc 1 160 3 view .LVU22
 100              		.loc 1 160 23 is_stmt 0 view .LVU23
 101 0054 4FF40053 		mov	r3, #8192
 102 0058 0493     		str	r3, [sp, #16]
 161:Src/main.c    ****   GPIO_InitStruct.Mode = GPIO_MODE_OUTPUT_PP;
 103              		.loc 1 161 3 is_stmt 1 view .LVU24
 104              		.loc 1 161 24 is_stmt 0 view .LVU25
 105 005a 0123     		movs	r3, #1
 106 005c 0593     		str	r3, [sp, #20]
 162:Src/main.c    ****   GPIO_InitStruct.Pull = GPIO_NOPULL;
 107              		.loc 1 162 3 is_stmt 1 view .LVU26
 108              		.loc 1 162 24 is_stmt 0 view .LVU27
 109 005e 0694     		str	r4, [sp, #24]
 163:Src/main.c    ****   GPIO_InitStruct.Speed = GPIO_SPEED_FREQ_LOW;
 110              		.loc 1 163 3 is_stmt 1 view .LVU28
 111              		.loc 1 163 25 is_stmt 0 view .LVU29
 112 0060 0223     		movs	r3, #2
 113 0062 0793     		str	r3, [sp, #28]
 164:Src/main.c    ****   HAL_GPIO_Init(LED_GPIO_Port, &GPIO_InitStruct);
 114              		.loc 1 164 3 is_stmt 1 view .LVU30
 115 0064 04A9     		add	r1, sp, #16
 116 0066 2846     		mov	r0, r5
 117 0068 FFF7FEFF 		bl	HAL_GPIO_Init
 118              	.LVL1:
 165:Src/main.c    **** 
 166:Src/main.c    **** /* USER CODE BEGIN MX_GPIO_Init_2 */
 167:Src/main.c    **** /* USER CODE END MX_GPIO_Init_2 */
 168:Src/main.c    **** }
ARM GAS  C:\Users\ubayd\AppData\Local\Temp\ccpkrKMn.s 			page 6


 119              		.loc 1 168 1 is_stmt 0 view .LVU31
 120 006c 09B0     		add	sp, sp, #36
 121              	.LCFI2:
 122              		.cfi_def_cfa_offset 12
 123              		@ sp needed
 124 006e 30BD     		pop	{r4, r5, pc}
 125              	.L4:
 126              		.align	2
 127              	.L3:
 128 0070 00100240 		.word	1073876992
 129 0074 00100140 		.word	1073811456
 130              		.cfi_endproc
 131              	.LFE67:
 133              		.section	.text.Error_Handler,"ax",%progbits
 134              		.align	1
 135              		.global	Error_Handler
 136              		.syntax unified
 137              		.thumb
 138              		.thumb_func
 140              	Error_Handler:
 141              	.LFB68:
 169:Src/main.c    **** 
 170:Src/main.c    **** /* USER CODE BEGIN 4 */
 171:Src/main.c    **** 
 172:Src/main.c    **** /* USER CODE END 4 */
 173:Src/main.c    **** 
 174:Src/main.c    **** /**
 175:Src/main.c    ****   * @brief  This function is executed in case of error occurrence.
 176:Src/main.c    ****   * @retval None
 177:Src/main.c    ****   */
 178:Src/main.c    **** void Error_Handler(void)
 179:Src/main.c    **** {
 142              		.loc 1 179 1 is_stmt 1 view -0
 143              		.cfi_startproc
 144              		@ Volatile: function does not return.
 145              		@ args = 0, pretend = 0, frame = 0
 146              		@ frame_needed = 0, uses_anonymous_args = 0
 147              		@ link register save eliminated.
 180:Src/main.c    ****   /* USER CODE BEGIN Error_Handler_Debug */
 181:Src/main.c    ****   /* User can add his own implementation to report the HAL error return state */
 182:Src/main.c    ****   __disable_irq();
 148              		.loc 1 182 3 view .LVU33
 149              	.LBB7:
 150              	.LBI7:
 151              		.file 2 "Drivers/CMSIS/Include/cmsis_gcc.h"
   1:Drivers/CMSIS/Include/cmsis_gcc.h **** /**************************************************************************//**
   2:Drivers/CMSIS/Include/cmsis_gcc.h ****  * @file     cmsis_gcc.h
   3:Drivers/CMSIS/Include/cmsis_gcc.h ****  * @brief    CMSIS compiler GCC header file
   4:Drivers/CMSIS/Include/cmsis_gcc.h ****  * @version  V5.0.4
   5:Drivers/CMSIS/Include/cmsis_gcc.h ****  * @date     09. April 2018
   6:Drivers/CMSIS/Include/cmsis_gcc.h ****  ******************************************************************************/
   7:Drivers/CMSIS/Include/cmsis_gcc.h **** /*
   8:Drivers/CMSIS/Include/cmsis_gcc.h ****  * Copyright (c) 2009-2018 Arm Limited. All rights reserved.
   9:Drivers/CMSIS/Include/cmsis_gcc.h ****  *
  10:Drivers/CMSIS/Include/cmsis_gcc.h ****  * SPDX-License-Identifier: Apache-2.0
  11:Drivers/CMSIS/Include/cmsis_gcc.h ****  *
  12:Drivers/CMSIS/Include/cmsis_gcc.h ****  * Licensed under the Apache License, Version 2.0 (the License); you may
ARM GAS  C:\Users\ubayd\AppData\Local\Temp\ccpkrKMn.s 			page 7


  13:Drivers/CMSIS/Include/cmsis_gcc.h ****  * not use this file except in compliance with the License.
  14:Drivers/CMSIS/Include/cmsis_gcc.h ****  * You may obtain a copy of the License at
  15:Drivers/CMSIS/Include/cmsis_gcc.h ****  *
  16:Drivers/CMSIS/Include/cmsis_gcc.h ****  * www.apache.org/licenses/LICENSE-2.0
  17:Drivers/CMSIS/Include/cmsis_gcc.h ****  *
  18:Drivers/CMSIS/Include/cmsis_gcc.h ****  * Unless required by applicable law or agreed to in writing, software
  19:Drivers/CMSIS/Include/cmsis_gcc.h ****  * distributed under the License is distributed on an AS IS BASIS, WITHOUT
  20:Drivers/CMSIS/Include/cmsis_gcc.h ****  * WARRANTIES OR CONDITIONS OF ANY KIND, either express or implied.
  21:Drivers/CMSIS/Include/cmsis_gcc.h ****  * See the License for the specific language governing permissions and
  22:Drivers/CMSIS/Include/cmsis_gcc.h ****  * limitations under the License.
  23:Drivers/CMSIS/Include/cmsis_gcc.h ****  */
  24:Drivers/CMSIS/Include/cmsis_gcc.h **** 
  25:Drivers/CMSIS/Include/cmsis_gcc.h **** #ifndef __CMSIS_GCC_H
  26:Drivers/CMSIS/Include/cmsis_gcc.h **** #define __CMSIS_GCC_H
  27:Drivers/CMSIS/Include/cmsis_gcc.h **** 
  28:Drivers/CMSIS/Include/cmsis_gcc.h **** /* ignore some GCC warnings */
  29:Drivers/CMSIS/Include/cmsis_gcc.h **** #pragma GCC diagnostic push
  30:Drivers/CMSIS/Include/cmsis_gcc.h **** #pragma GCC diagnostic ignored "-Wsign-conversion"
  31:Drivers/CMSIS/Include/cmsis_gcc.h **** #pragma GCC diagnostic ignored "-Wconversion"
  32:Drivers/CMSIS/Include/cmsis_gcc.h **** #pragma GCC diagnostic ignored "-Wunused-parameter"
  33:Drivers/CMSIS/Include/cmsis_gcc.h **** 
  34:Drivers/CMSIS/Include/cmsis_gcc.h **** /* Fallback for __has_builtin */
  35:Drivers/CMSIS/Include/cmsis_gcc.h **** #ifndef __has_builtin
  36:Drivers/CMSIS/Include/cmsis_gcc.h ****   #define __has_builtin(x) (0)
  37:Drivers/CMSIS/Include/cmsis_gcc.h **** #endif
  38:Drivers/CMSIS/Include/cmsis_gcc.h **** 
  39:Drivers/CMSIS/Include/cmsis_gcc.h **** /* CMSIS compiler specific defines */
  40:Drivers/CMSIS/Include/cmsis_gcc.h **** #ifndef   __ASM
  41:Drivers/CMSIS/Include/cmsis_gcc.h ****   #define __ASM                                  __asm
  42:Drivers/CMSIS/Include/cmsis_gcc.h **** #endif
  43:Drivers/CMSIS/Include/cmsis_gcc.h **** #ifndef   __INLINE
  44:Drivers/CMSIS/Include/cmsis_gcc.h ****   #define __INLINE                               inline
  45:Drivers/CMSIS/Include/cmsis_gcc.h **** #endif
  46:Drivers/CMSIS/Include/cmsis_gcc.h **** #ifndef   __STATIC_INLINE
  47:Drivers/CMSIS/Include/cmsis_gcc.h ****   #define __STATIC_INLINE                        static inline
  48:Drivers/CMSIS/Include/cmsis_gcc.h **** #endif
  49:Drivers/CMSIS/Include/cmsis_gcc.h **** #ifndef   __STATIC_FORCEINLINE                 
  50:Drivers/CMSIS/Include/cmsis_gcc.h ****   #define __STATIC_FORCEINLINE                   __attribute__((always_inline)) static inline
  51:Drivers/CMSIS/Include/cmsis_gcc.h **** #endif                                           
  52:Drivers/CMSIS/Include/cmsis_gcc.h **** #ifndef   __NO_RETURN
  53:Drivers/CMSIS/Include/cmsis_gcc.h ****   #define __NO_RETURN                            __attribute__((__noreturn__))
  54:Drivers/CMSIS/Include/cmsis_gcc.h **** #endif
  55:Drivers/CMSIS/Include/cmsis_gcc.h **** #ifndef   __USED
  56:Drivers/CMSIS/Include/cmsis_gcc.h ****   #define __USED                                 __attribute__((used))
  57:Drivers/CMSIS/Include/cmsis_gcc.h **** #endif
  58:Drivers/CMSIS/Include/cmsis_gcc.h **** #ifndef   __WEAK
  59:Drivers/CMSIS/Include/cmsis_gcc.h ****   #define __WEAK                                 __attribute__((weak))
  60:Drivers/CMSIS/Include/cmsis_gcc.h **** #endif
  61:Drivers/CMSIS/Include/cmsis_gcc.h **** #ifndef   __PACKED
  62:Drivers/CMSIS/Include/cmsis_gcc.h ****   #define __PACKED                               __attribute__((packed, aligned(1)))
  63:Drivers/CMSIS/Include/cmsis_gcc.h **** #endif
  64:Drivers/CMSIS/Include/cmsis_gcc.h **** #ifndef   __PACKED_STRUCT
  65:Drivers/CMSIS/Include/cmsis_gcc.h ****   #define __PACKED_STRUCT                        struct __attribute__((packed, aligned(1)))
  66:Drivers/CMSIS/Include/cmsis_gcc.h **** #endif
  67:Drivers/CMSIS/Include/cmsis_gcc.h **** #ifndef   __PACKED_UNION
  68:Drivers/CMSIS/Include/cmsis_gcc.h ****   #define __PACKED_UNION                         union __attribute__((packed, aligned(1)))
  69:Drivers/CMSIS/Include/cmsis_gcc.h **** #endif
ARM GAS  C:\Users\ubayd\AppData\Local\Temp\ccpkrKMn.s 			page 8


  70:Drivers/CMSIS/Include/cmsis_gcc.h **** #ifndef   __UNALIGNED_UINT32        /* deprecated */
  71:Drivers/CMSIS/Include/cmsis_gcc.h ****   #pragma GCC diagnostic push
  72:Drivers/CMSIS/Include/cmsis_gcc.h ****   #pragma GCC diagnostic ignored "-Wpacked"
  73:Drivers/CMSIS/Include/cmsis_gcc.h ****   #pragma GCC diagnostic ignored "-Wattributes"
  74:Drivers/CMSIS/Include/cmsis_gcc.h ****   struct __attribute__((packed)) T_UINT32 { uint32_t v; };
  75:Drivers/CMSIS/Include/cmsis_gcc.h ****   #pragma GCC diagnostic pop
  76:Drivers/CMSIS/Include/cmsis_gcc.h ****   #define __UNALIGNED_UINT32(x)                  (((struct T_UINT32 *)(x))->v)
  77:Drivers/CMSIS/Include/cmsis_gcc.h **** #endif
  78:Drivers/CMSIS/Include/cmsis_gcc.h **** #ifndef   __UNALIGNED_UINT16_WRITE
  79:Drivers/CMSIS/Include/cmsis_gcc.h ****   #pragma GCC diagnostic push
  80:Drivers/CMSIS/Include/cmsis_gcc.h ****   #pragma GCC diagnostic ignored "-Wpacked"
  81:Drivers/CMSIS/Include/cmsis_gcc.h ****   #pragma GCC diagnostic ignored "-Wattributes"
  82:Drivers/CMSIS/Include/cmsis_gcc.h ****   __PACKED_STRUCT T_UINT16_WRITE { uint16_t v; };
  83:Drivers/CMSIS/Include/cmsis_gcc.h ****   #pragma GCC diagnostic pop
  84:Drivers/CMSIS/Include/cmsis_gcc.h ****   #define __UNALIGNED_UINT16_WRITE(addr, val)    (void)((((struct T_UINT16_WRITE *)(void *)(addr))-
  85:Drivers/CMSIS/Include/cmsis_gcc.h **** #endif
  86:Drivers/CMSIS/Include/cmsis_gcc.h **** #ifndef   __UNALIGNED_UINT16_READ
  87:Drivers/CMSIS/Include/cmsis_gcc.h ****   #pragma GCC diagnostic push
  88:Drivers/CMSIS/Include/cmsis_gcc.h ****   #pragma GCC diagnostic ignored "-Wpacked"
  89:Drivers/CMSIS/Include/cmsis_gcc.h ****   #pragma GCC diagnostic ignored "-Wattributes"
  90:Drivers/CMSIS/Include/cmsis_gcc.h ****   __PACKED_STRUCT T_UINT16_READ { uint16_t v; };
  91:Drivers/CMSIS/Include/cmsis_gcc.h ****   #pragma GCC diagnostic pop
  92:Drivers/CMSIS/Include/cmsis_gcc.h ****   #define __UNALIGNED_UINT16_READ(addr)          (((const struct T_UINT16_READ *)(const void *)(add
  93:Drivers/CMSIS/Include/cmsis_gcc.h **** #endif
  94:Drivers/CMSIS/Include/cmsis_gcc.h **** #ifndef   __UNALIGNED_UINT32_WRITE
  95:Drivers/CMSIS/Include/cmsis_gcc.h ****   #pragma GCC diagnostic push
  96:Drivers/CMSIS/Include/cmsis_gcc.h ****   #pragma GCC diagnostic ignored "-Wpacked"
  97:Drivers/CMSIS/Include/cmsis_gcc.h ****   #pragma GCC diagnostic ignored "-Wattributes"
  98:Drivers/CMSIS/Include/cmsis_gcc.h ****   __PACKED_STRUCT T_UINT32_WRITE { uint32_t v; };
  99:Drivers/CMSIS/Include/cmsis_gcc.h ****   #pragma GCC diagnostic pop
 100:Drivers/CMSIS/Include/cmsis_gcc.h ****   #define __UNALIGNED_UINT32_WRITE(addr, val)    (void)((((struct T_UINT32_WRITE *)(void *)(addr))-
 101:Drivers/CMSIS/Include/cmsis_gcc.h **** #endif
 102:Drivers/CMSIS/Include/cmsis_gcc.h **** #ifndef   __UNALIGNED_UINT32_READ
 103:Drivers/CMSIS/Include/cmsis_gcc.h ****   #pragma GCC diagnostic push
 104:Drivers/CMSIS/Include/cmsis_gcc.h ****   #pragma GCC diagnostic ignored "-Wpacked"
 105:Drivers/CMSIS/Include/cmsis_gcc.h ****   #pragma GCC diagnostic ignored "-Wattributes"
 106:Drivers/CMSIS/Include/cmsis_gcc.h ****   __PACKED_STRUCT T_UINT32_READ { uint32_t v; };
 107:Drivers/CMSIS/Include/cmsis_gcc.h ****   #pragma GCC diagnostic pop
 108:Drivers/CMSIS/Include/cmsis_gcc.h ****   #define __UNALIGNED_UINT32_READ(addr)          (((const struct T_UINT32_READ *)(const void *)(add
 109:Drivers/CMSIS/Include/cmsis_gcc.h **** #endif
 110:Drivers/CMSIS/Include/cmsis_gcc.h **** #ifndef   __ALIGNED
 111:Drivers/CMSIS/Include/cmsis_gcc.h ****   #define __ALIGNED(x)                           __attribute__((aligned(x)))
 112:Drivers/CMSIS/Include/cmsis_gcc.h **** #endif
 113:Drivers/CMSIS/Include/cmsis_gcc.h **** #ifndef   __RESTRICT
 114:Drivers/CMSIS/Include/cmsis_gcc.h ****   #define __RESTRICT                             __restrict
 115:Drivers/CMSIS/Include/cmsis_gcc.h **** #endif
 116:Drivers/CMSIS/Include/cmsis_gcc.h **** 
 117:Drivers/CMSIS/Include/cmsis_gcc.h **** 
 118:Drivers/CMSIS/Include/cmsis_gcc.h **** /* ###########################  Core Function Access  ########################### */
 119:Drivers/CMSIS/Include/cmsis_gcc.h **** /** \ingroup  CMSIS_Core_FunctionInterface
 120:Drivers/CMSIS/Include/cmsis_gcc.h ****     \defgroup CMSIS_Core_RegAccFunctions CMSIS Core Register Access Functions
 121:Drivers/CMSIS/Include/cmsis_gcc.h ****   @{
 122:Drivers/CMSIS/Include/cmsis_gcc.h ****  */
 123:Drivers/CMSIS/Include/cmsis_gcc.h **** 
 124:Drivers/CMSIS/Include/cmsis_gcc.h **** /**
 125:Drivers/CMSIS/Include/cmsis_gcc.h ****   \brief   Enable IRQ Interrupts
 126:Drivers/CMSIS/Include/cmsis_gcc.h ****   \details Enables IRQ interrupts by clearing the I-bit in the CPSR.
ARM GAS  C:\Users\ubayd\AppData\Local\Temp\ccpkrKMn.s 			page 9


 127:Drivers/CMSIS/Include/cmsis_gcc.h ****            Can only be executed in Privileged modes.
 128:Drivers/CMSIS/Include/cmsis_gcc.h ****  */
 129:Drivers/CMSIS/Include/cmsis_gcc.h **** __STATIC_FORCEINLINE void __enable_irq(void)
 130:Drivers/CMSIS/Include/cmsis_gcc.h **** {
 131:Drivers/CMSIS/Include/cmsis_gcc.h ****   __ASM volatile ("cpsie i" : : : "memory");
 132:Drivers/CMSIS/Include/cmsis_gcc.h **** }
 133:Drivers/CMSIS/Include/cmsis_gcc.h **** 
 134:Drivers/CMSIS/Include/cmsis_gcc.h **** 
 135:Drivers/CMSIS/Include/cmsis_gcc.h **** /**
 136:Drivers/CMSIS/Include/cmsis_gcc.h ****   \brief   Disable IRQ Interrupts
 137:Drivers/CMSIS/Include/cmsis_gcc.h ****   \details Disables IRQ interrupts by setting the I-bit in the CPSR.
 138:Drivers/CMSIS/Include/cmsis_gcc.h ****            Can only be executed in Privileged modes.
 139:Drivers/CMSIS/Include/cmsis_gcc.h ****  */
 140:Drivers/CMSIS/Include/cmsis_gcc.h **** __STATIC_FORCEINLINE void __disable_irq(void)
 152              		.loc 2 140 27 view .LVU34
 153              	.LBB8:
 141:Drivers/CMSIS/Include/cmsis_gcc.h **** {
 142:Drivers/CMSIS/Include/cmsis_gcc.h ****   __ASM volatile ("cpsid i" : : : "memory");
 154              		.loc 2 142 3 view .LVU35
 155              		.syntax unified
 156              	@ 142 "Drivers/CMSIS/Include/cmsis_gcc.h" 1
 157 0000 72B6     		cpsid i
 158              	@ 0 "" 2
 159              		.thumb
 160              		.syntax unified
 161              	.L6:
 162              	.LBE8:
 163              	.LBE7:
 183:Src/main.c    ****   while (1)
 164              		.loc 1 183 3 discriminator 1 view .LVU36
 184:Src/main.c    ****   {
 185:Src/main.c    ****   }
 165              		.loc 1 185 3 discriminator 1 view .LVU37
 183:Src/main.c    ****   while (1)
 166              		.loc 1 183 9 discriminator 1 view .LVU38
 167 0002 FEE7     		b	.L6
 168              		.cfi_endproc
 169              	.LFE68:
 171              		.section	.text.SystemClock_Config,"ax",%progbits
 172              		.align	1
 173              		.global	SystemClock_Config
 174              		.syntax unified
 175              		.thumb
 176              		.thumb_func
 178              	SystemClock_Config:
 179              	.LFB66:
 109:Src/main.c    ****   RCC_OscInitTypeDef RCC_OscInitStruct = {0};
 180              		.loc 1 109 1 view -0
 181              		.cfi_startproc
 182              		@ args = 0, pretend = 0, frame = 64
 183              		@ frame_needed = 0, uses_anonymous_args = 0
 184 0000 00B5     		push	{lr}
 185              	.LCFI3:
 186              		.cfi_def_cfa_offset 4
 187              		.cfi_offset 14, -4
 188 0002 91B0     		sub	sp, sp, #68
 189              	.LCFI4:
ARM GAS  C:\Users\ubayd\AppData\Local\Temp\ccpkrKMn.s 			page 10


 190              		.cfi_def_cfa_offset 72
 110:Src/main.c    ****   RCC_ClkInitTypeDef RCC_ClkInitStruct = {0};
 191              		.loc 1 110 3 view .LVU40
 110:Src/main.c    ****   RCC_ClkInitTypeDef RCC_ClkInitStruct = {0};
 192              		.loc 1 110 22 is_stmt 0 view .LVU41
 193 0004 2822     		movs	r2, #40
 194 0006 0021     		movs	r1, #0
 195 0008 06A8     		add	r0, sp, #24
 196 000a FFF7FEFF 		bl	memset
 197              	.LVL2:
 111:Src/main.c    **** 
 198              		.loc 1 111 3 is_stmt 1 view .LVU42
 111:Src/main.c    **** 
 199              		.loc 1 111 22 is_stmt 0 view .LVU43
 200 000e 0023     		movs	r3, #0
 201 0010 0193     		str	r3, [sp, #4]
 202 0012 0293     		str	r3, [sp, #8]
 203 0014 0393     		str	r3, [sp, #12]
 204 0016 0493     		str	r3, [sp, #16]
 205 0018 0593     		str	r3, [sp, #20]
 116:Src/main.c    ****   RCC_OscInitStruct.HSIState = RCC_HSI_ON;
 206              		.loc 1 116 3 is_stmt 1 view .LVU44
 116:Src/main.c    ****   RCC_OscInitStruct.HSIState = RCC_HSI_ON;
 207              		.loc 1 116 36 is_stmt 0 view .LVU45
 208 001a 0223     		movs	r3, #2
 209 001c 0693     		str	r3, [sp, #24]
 117:Src/main.c    ****   RCC_OscInitStruct.HSICalibrationValue = RCC_HSICALIBRATION_DEFAULT;
 210              		.loc 1 117 3 is_stmt 1 view .LVU46
 117:Src/main.c    ****   RCC_OscInitStruct.HSICalibrationValue = RCC_HSICALIBRATION_DEFAULT;
 211              		.loc 1 117 30 is_stmt 0 view .LVU47
 212 001e 0123     		movs	r3, #1
 213 0020 0A93     		str	r3, [sp, #40]
 118:Src/main.c    ****   RCC_OscInitStruct.PLL.PLLState = RCC_PLL_NONE;
 214              		.loc 1 118 3 is_stmt 1 view .LVU48
 118:Src/main.c    ****   RCC_OscInitStruct.PLL.PLLState = RCC_PLL_NONE;
 215              		.loc 1 118 41 is_stmt 0 view .LVU49
 216 0022 1023     		movs	r3, #16
 217 0024 0B93     		str	r3, [sp, #44]
 119:Src/main.c    ****   if (HAL_RCC_OscConfig(&RCC_OscInitStruct) != HAL_OK)
 218              		.loc 1 119 3 is_stmt 1 view .LVU50
 120:Src/main.c    ****   {
 219              		.loc 1 120 3 view .LVU51
 120:Src/main.c    ****   {
 220              		.loc 1 120 7 is_stmt 0 view .LVU52
 221 0026 06A8     		add	r0, sp, #24
 222 0028 FFF7FEFF 		bl	HAL_RCC_OscConfig
 223              	.LVL3:
 120:Src/main.c    ****   {
 224              		.loc 1 120 6 view .LVU53
 225 002c 68B9     		cbnz	r0, .L11
 127:Src/main.c    ****                               |RCC_CLOCKTYPE_PCLK1|RCC_CLOCKTYPE_PCLK2;
 226              		.loc 1 127 3 is_stmt 1 view .LVU54
 127:Src/main.c    ****                               |RCC_CLOCKTYPE_PCLK1|RCC_CLOCKTYPE_PCLK2;
 227              		.loc 1 127 31 is_stmt 0 view .LVU55
 228 002e 0F23     		movs	r3, #15
 229 0030 0193     		str	r3, [sp, #4]
 129:Src/main.c    ****   RCC_ClkInitStruct.AHBCLKDivider = RCC_SYSCLK_DIV1;
ARM GAS  C:\Users\ubayd\AppData\Local\Temp\ccpkrKMn.s 			page 11


 230              		.loc 1 129 3 is_stmt 1 view .LVU56
 129:Src/main.c    ****   RCC_ClkInitStruct.AHBCLKDivider = RCC_SYSCLK_DIV1;
 231              		.loc 1 129 34 is_stmt 0 view .LVU57
 232 0032 0021     		movs	r1, #0
 233 0034 0291     		str	r1, [sp, #8]
 130:Src/main.c    ****   RCC_ClkInitStruct.APB1CLKDivider = RCC_HCLK_DIV1;
 234              		.loc 1 130 3 is_stmt 1 view .LVU58
 130:Src/main.c    ****   RCC_ClkInitStruct.APB1CLKDivider = RCC_HCLK_DIV1;
 235              		.loc 1 130 35 is_stmt 0 view .LVU59
 236 0036 0391     		str	r1, [sp, #12]
 131:Src/main.c    ****   RCC_ClkInitStruct.APB2CLKDivider = RCC_HCLK_DIV1;
 237              		.loc 1 131 3 is_stmt 1 view .LVU60
 131:Src/main.c    ****   RCC_ClkInitStruct.APB2CLKDivider = RCC_HCLK_DIV1;
 238              		.loc 1 131 36 is_stmt 0 view .LVU61
 239 0038 0491     		str	r1, [sp, #16]
 132:Src/main.c    **** 
 240              		.loc 1 132 3 is_stmt 1 view .LVU62
 132:Src/main.c    **** 
 241              		.loc 1 132 36 is_stmt 0 view .LVU63
 242 003a 0591     		str	r1, [sp, #20]
 134:Src/main.c    ****   {
 243              		.loc 1 134 3 is_stmt 1 view .LVU64
 134:Src/main.c    ****   {
 244              		.loc 1 134 7 is_stmt 0 view .LVU65
 245 003c 01A8     		add	r0, sp, #4
 246 003e FFF7FEFF 		bl	HAL_RCC_ClockConfig
 247              	.LVL4:
 134:Src/main.c    ****   {
 248              		.loc 1 134 6 view .LVU66
 249 0042 20B9     		cbnz	r0, .L12
 138:Src/main.c    **** 
 250              		.loc 1 138 1 view .LVU67
 251 0044 11B0     		add	sp, sp, #68
 252              	.LCFI5:
 253              		.cfi_remember_state
 254              		.cfi_def_cfa_offset 4
 255              		@ sp needed
 256 0046 5DF804FB 		ldr	pc, [sp], #4
 257              	.L11:
 258              	.LCFI6:
 259              		.cfi_restore_state
 122:Src/main.c    ****   }
 260              		.loc 1 122 5 is_stmt 1 view .LVU68
 261 004a FFF7FEFF 		bl	Error_Handler
 262              	.LVL5:
 263              	.L12:
 136:Src/main.c    ****   }
 264              		.loc 1 136 5 view .LVU69
 265 004e FFF7FEFF 		bl	Error_Handler
 266              	.LVL6:
 267              		.cfi_endproc
 268              	.LFE66:
 270              		.section	.text.main,"ax",%progbits
 271              		.align	1
 272              		.global	main
 273              		.syntax unified
 274              		.thumb
ARM GAS  C:\Users\ubayd\AppData\Local\Temp\ccpkrKMn.s 			page 12


 275              		.thumb_func
 277              	main:
 278              	.LFB65:
  65:Src/main.c    ****   /* USER CODE BEGIN 1 */
 279              		.loc 1 65 1 view -0
 280              		.cfi_startproc
 281              		@ Volatile: function does not return.
 282              		@ args = 0, pretend = 0, frame = 0
 283              		@ frame_needed = 0, uses_anonymous_args = 0
 284 0000 08B5     		push	{r3, lr}
 285              	.LCFI7:
 286              		.cfi_def_cfa_offset 8
 287              		.cfi_offset 3, -8
 288              		.cfi_offset 14, -4
  73:Src/main.c    **** 
 289              		.loc 1 73 3 view .LVU71
 290 0002 FFF7FEFF 		bl	HAL_Init
 291              	.LVL7:
  80:Src/main.c    **** 
 292              		.loc 1 80 3 view .LVU72
 293 0006 FFF7FEFF 		bl	SystemClock_Config
 294              	.LVL8:
  87:Src/main.c    ****   /* USER CODE BEGIN 2 */
 295              		.loc 1 87 3 view .LVU73
 296 000a FFF7FEFF 		bl	MX_GPIO_Init
 297              	.LVL9:
 298              	.L14:
  94:Src/main.c    ****   {
 299              		.loc 1 94 3 discriminator 1 view .LVU74
  97:Src/main.c    ****       HAL_Delay(1000);
 300              		.loc 1 97 7 discriminator 1 view .LVU75
 301 000e 4FF40051 		mov	r1, #8192
 302 0012 0448     		ldr	r0, .L16
 303 0014 FFF7FEFF 		bl	HAL_GPIO_TogglePin
 304              	.LVL10:
  98:Src/main.c    ****     /* USER CODE BEGIN 3 */
 305              		.loc 1 98 7 discriminator 1 view .LVU76
 306 0018 4FF47A70 		mov	r0, #1000
 307 001c FFF7FEFF 		bl	HAL_Delay
 308              	.LVL11:
  94:Src/main.c    ****   {
 309              		.loc 1 94 9 discriminator 1 view .LVU77
 310 0020 F5E7     		b	.L14
 311              	.L17:
 312 0022 00BF     		.align	2
 313              	.L16:
 314 0024 00100140 		.word	1073811456
 315              		.cfi_endproc
 316              	.LFE65:
 318              		.text
 319              	.Letext0:
 320              		.file 3 "c:\\st\\stm32cubeclt\\gnu-tools-for-stm32\\arm-none-eabi\\include\\machine\\_default_type
 321              		.file 4 "c:\\st\\stm32cubeclt\\gnu-tools-for-stm32\\arm-none-eabi\\include\\sys\\_stdint.h"
 322              		.file 5 "Drivers/CMSIS/Device/ST/STM32F1xx/Include/stm32f103xb.h"
 323              		.file 6 "Drivers/STM32F1xx_HAL_Driver/Inc/stm32f1xx_hal_def.h"
 324              		.file 7 "Drivers/STM32F1xx_HAL_Driver/Inc/stm32f1xx_hal_rcc.h"
 325              		.file 8 "Drivers/STM32F1xx_HAL_Driver/Inc/stm32f1xx_hal_rcc_ex.h"
ARM GAS  C:\Users\ubayd\AppData\Local\Temp\ccpkrKMn.s 			page 13


 326              		.file 9 "Drivers/STM32F1xx_HAL_Driver/Inc/stm32f1xx_hal_gpio.h"
 327              		.file 10 "Drivers/STM32F1xx_HAL_Driver/Inc/stm32f1xx_hal.h"
 328              		.file 11 "<built-in>"
ARM GAS  C:\Users\ubayd\AppData\Local\Temp\ccpkrKMn.s 			page 14


DEFINED SYMBOLS
                            *ABS*:0000000000000000 main.c
C:\Users\ubayd\AppData\Local\Temp\ccpkrKMn.s:18     .text.MX_GPIO_Init:0000000000000000 $t
C:\Users\ubayd\AppData\Local\Temp\ccpkrKMn.s:23     .text.MX_GPIO_Init:0000000000000000 MX_GPIO_Init
C:\Users\ubayd\AppData\Local\Temp\ccpkrKMn.s:128    .text.MX_GPIO_Init:0000000000000070 $d
C:\Users\ubayd\AppData\Local\Temp\ccpkrKMn.s:134    .text.Error_Handler:0000000000000000 $t
C:\Users\ubayd\AppData\Local\Temp\ccpkrKMn.s:140    .text.Error_Handler:0000000000000000 Error_Handler
C:\Users\ubayd\AppData\Local\Temp\ccpkrKMn.s:172    .text.SystemClock_Config:0000000000000000 $t
C:\Users\ubayd\AppData\Local\Temp\ccpkrKMn.s:178    .text.SystemClock_Config:0000000000000000 SystemClock_Config
C:\Users\ubayd\AppData\Local\Temp\ccpkrKMn.s:271    .text.main:0000000000000000 $t
C:\Users\ubayd\AppData\Local\Temp\ccpkrKMn.s:277    .text.main:0000000000000000 main
C:\Users\ubayd\AppData\Local\Temp\ccpkrKMn.s:314    .text.main:0000000000000024 $d

UNDEFINED SYMBOLS
HAL_GPIO_WritePin
HAL_GPIO_Init
memset
HAL_RCC_OscConfig
HAL_RCC_ClockConfig
HAL_Init
HAL_GPIO_TogglePin
HAL_Delay
